<?xml version="1.0" encoding="UTF-8"?>
<!-- Generated by org.testng.reporters.JUnitXMLReporter -->
<testsuite ignored="1" hostname="Asus-PC" failures="0" tests="5" name="Default test" time="0.258" errors="0" timestamp="2022-02-22T11:56:23 IST">
  <testcase classname="test.MultiTest" name="NewTest" time="0.034"/>
  <testcase classname="test.MultiTest" name="NewTest" time="0.005"/>
  <testcase classname="test.MultiTest" name="NewTest" time="0.005"/>
  <testcase classname="test.MultiTest" name="NewTest" time="0.006"/>
  <testcase classname="test.MultiTest" name="NewTest" time="0.003"/>
  <testcase classname="test.MultiTest" name="NewTest2" time="0.0">
    <ignored/>
  </testcase> <!-- NewTest2 -->
</testsuite> <!-- Default test -->
