<?xml version="1.0" encoding="UTF-8"?>
<testng-results ignored="1" total="6" passed="5" failed="0" skipped="0">
  <reporter-output>
  </reporter-output>
  <suite started-at="2022-02-22T11:56:23 IST" name="Default suite" finished-at="2022-02-22T11:56:23 IST" duration-ms="258">
    <groups>
    </groups>
    <test started-at="2022-02-22T11:56:23 IST" name="Default test" finished-at="2022-02-22T11:56:23 IST" duration-ms="258">
      <class name="test.MultiTest">
        <test-method signature="NewTest(org.testng.ITestContext)[pri:0, instance:test.MultiTest@795cd85e]" started-at="2022-02-22T11:56:23 IST" name="NewTest" finished-at="2022-02-22T11:56:23 IST" duration-ms="34" status="PASS">
          <params>
            <param index="0">
              <value>
                <![CDATA[org.testng.TestRunner@587e5365]]>
              </value>
            </param>
          </params>
          <reporter-output>
          </reporter-output>
        </test-method> <!-- NewTest -->
        <test-method is-config="true" signature="tearDown()[pri:0, instance:test.MultiTest@795cd85e]" started-at="2022-02-22T11:56:23 IST" name="tearDown" finished-at="2022-02-22T11:56:23 IST" duration-ms="3" status="PASS">
          <reporter-output>
          </reporter-output>
        </test-method> <!-- tearDown -->
        <test-method signature="NewTest(org.testng.ITestContext)[pri:0, instance:test.MultiTest@795cd85e]" started-at="2022-02-22T11:56:23 IST" name="NewTest" finished-at="2022-02-22T11:56:23 IST" duration-ms="5" status="PASS">
          <params>
            <param index="0">
              <value>
                <![CDATA[org.testng.TestRunner@587e5365]]>
              </value>
            </param>
          </params>
          <reporter-output>
          </reporter-output>
        </test-method> <!-- NewTest -->
        <test-method is-config="true" signature="tearDown()[pri:0, instance:test.MultiTest@795cd85e]" started-at="2022-02-22T11:56:23 IST" name="tearDown" finished-at="2022-02-22T11:56:23 IST" duration-ms="0" status="PASS">
          <reporter-output>
          </reporter-output>
        </test-method> <!-- tearDown -->
        <test-method signature="NewTest(org.testng.ITestContext)[pri:0, instance:test.MultiTest@795cd85e]" started-at="2022-02-22T11:56:23 IST" name="NewTest" finished-at="2022-02-22T11:56:23 IST" duration-ms="5" status="PASS">
          <params>
            <param index="0">
              <value>
                <![CDATA[org.testng.TestRunner@587e5365]]>
              </value>
            </param>
          </params>
          <reporter-output>
          </reporter-output>
        </test-method> <!-- NewTest -->
        <test-method is-config="true" signature="tearDown()[pri:0, instance:test.MultiTest@795cd85e]" started-at="2022-02-22T11:56:23 IST" name="tearDown" finished-at="2022-02-22T11:56:23 IST" duration-ms="1" status="PASS">
          <reporter-output>
          </reporter-output>
        </test-method> <!-- tearDown -->
        <test-method signature="NewTest(org.testng.ITestContext)[pri:0, instance:test.MultiTest@795cd85e]" started-at="2022-02-22T11:56:23 IST" name="NewTest" finished-at="2022-02-22T11:56:23 IST" duration-ms="6" status="PASS">
          <params>
            <param index="0">
              <value>
                <![CDATA[org.testng.TestRunner@587e5365]]>
              </value>
            </param>
          </params>
          <reporter-output>
          </reporter-output>
        </test-method> <!-- NewTest -->
        <test-method is-config="true" signature="tearDown()[pri:0, instance:test.MultiTest@795cd85e]" started-at="2022-02-22T11:56:23 IST" name="tearDown" finished-at="2022-02-22T11:56:23 IST" duration-ms="1" status="PASS">
          <reporter-output>
          </reporter-output>
        </test-method> <!-- tearDown -->
        <test-method signature="NewTest(org.testng.ITestContext)[pri:0, instance:test.MultiTest@795cd85e]" started-at="2022-02-22T11:56:23 IST" name="NewTest" finished-at="2022-02-22T11:56:23 IST" duration-ms="3" status="PASS">
          <params>
            <param index="0">
              <value>
                <![CDATA[org.testng.TestRunner@587e5365]]>
              </value>
            </param>
          </params>
          <reporter-output>
          </reporter-output>
        </test-method> <!-- NewTest -->
        <test-method is-config="true" signature="tearDown()[pri:0, instance:test.MultiTest@795cd85e]" started-at="2022-02-22T11:56:23 IST" name="tearDown" finished-at="2022-02-22T11:56:23 IST" duration-ms="0" status="PASS">
          <reporter-output>
          </reporter-output>
        </test-method> <!-- tearDown -->
      </class> <!-- test.MultiTest -->
    </test> <!-- Default test -->
  </suite> <!-- Default suite -->
</testng-results>
