<?xml version="1.0" encoding="UTF-8"?>
<testng-results ignored="0" total="3" passed="3" failed="0" skipped="0">
  <reporter-output>
  </reporter-output>
  <suite started-at="2022-02-25T16:27:08 IST" name="Default suite" finished-at="2022-02-25T16:30:16 IST" duration-ms="187877">
    <groups>
    </groups>
    <test started-at="2022-02-25T16:27:08 IST" name="Default test" finished-at="2022-02-25T16:30:16 IST" duration-ms="187877">
      <class name="test.Tests">
        <test-method is-config="true" signature="setUp()[pri:0, instance:test.Tests@6b81ce95]" started-at="2022-02-25T16:27:07 IST" name="setUp" finished-at="2022-02-25T16:27:08 IST" duration-ms="807" status="PASS">
          <reporter-output>
          </reporter-output>
        </test-method> <!-- setUp -->
        <test-method signature="tc_1()[pri:0, instance:test.Tests@6b81ce95]" started-at="2022-02-25T16:27:08 IST" name="tc_1" finished-at="2022-02-25T16:28:28 IST" duration-ms="80574" status="PASS">
          <reporter-output>
          </reporter-output>
        </test-method> <!-- tc_1 -->
        <test-method is-config="true" signature="TearDown(org.testng.ITestResult)[pri:0, instance:test.Tests@6b81ce95]" started-at="2022-02-25T16:28:28 IST" name="TearDown" finished-at="2022-02-25T16:28:32 IST" duration-ms="3318" status="PASS">
          <params>
            <param index="0">
              <value>
                <![CDATA[[TestResult name=tc_1 status=SUCCESS method=Tests.tc_1()[pri:0, instance:test.Tests@6b81ce95] output={null}]]]>
              </value>
            </param>
          </params>
          <reporter-output>
          </reporter-output>
        </test-method> <!-- TearDown -->
        <test-method signature="tc_2()[pri:0, instance:test.Tests@6b81ce95]" started-at="2022-02-25T16:28:32 IST" name="tc_2" finished-at="2022-02-25T16:29:57 IST" duration-ms="85422" status="PASS">
          <reporter-output>
          </reporter-output>
        </test-method> <!-- tc_2 -->
        <test-method is-config="true" signature="TearDown(org.testng.ITestResult)[pri:0, instance:test.Tests@6b81ce95]" started-at="2022-02-25T16:29:57 IST" name="TearDown" finished-at="2022-02-25T16:29:58 IST" duration-ms="1176" status="PASS">
          <params>
            <param index="0">
              <value>
                <![CDATA[[TestResult name=tc_2 status=SUCCESS method=Tests.tc_2()[pri:0, instance:test.Tests@6b81ce95] output={null}]]]>
              </value>
            </param>
          </params>
          <reporter-output>
          </reporter-output>
        </test-method> <!-- TearDown -->
        <test-method signature="tc_3()[pri:0, instance:test.Tests@6b81ce95]" started-at="2022-02-25T16:29:58 IST" name="tc_3" finished-at="2022-02-25T16:30:15 IST" duration-ms="16539" status="PASS">
          <reporter-output>
          </reporter-output>
        </test-method> <!-- tc_3 -->
        <test-method is-config="true" signature="TearDown(org.testng.ITestResult)[pri:0, instance:test.Tests@6b81ce95]" started-at="2022-02-25T16:30:15 IST" name="TearDown" finished-at="2022-02-25T16:30:16 IST" duration-ms="666" status="PASS">
          <params>
            <param index="0">
              <value>
                <![CDATA[[TestResult name=tc_3 status=SUCCESS method=Tests.tc_3()[pri:0, instance:test.Tests@6b81ce95] output={null}]]]>
              </value>
            </param>
          </params>
          <reporter-output>
          </reporter-output>
        </test-method> <!-- TearDown -->
      </class> <!-- test.Tests -->
    </test> <!-- Default test -->
  </suite> <!-- Default suite -->
</testng-results>
